# JRE version: Java(TM) SE Runtime Environment (8.0_144-b01) (build 1.8.0_144-b01)
# Java VM: Java HotSpot(TM) 64-Bit Server VM (25.144-b01 mixed mode windows-amd64 compressed oops)
Heap:
 PSYoungGen      total 11776K, used 3334K [0x00000000d5a00000, 0x00000000d6d00000, 0x0000000100000000)
  eden space 8192K, 1% used [0x00000000d5a00000,0x00000000d5a28d20,0x00000000d6200000)
  from space 3584K, 88% used [0x00000000d6980000,0x00000000d6c98c38,0x00000000d6d00000)
  to   space 4096K, 0% used [0x00000000d6500000,0x00000000d6500000,0x00000000d6900000)
 ParOldGen       total 10752K, used 4791K [0x0000000080e00000, 0x0000000081880000, 0x00000000d5a00000)
  object space 10752K, 44% used [0x0000000080e00000,0x00000000812adf18,0x0000000081880000)
 Metaspace       used 7556K, capacity 8308K, committed 8448K, reserved 1056768K
  class space    used 915K, capacity 944K, committed 1024K, reserved 1048576K
GC Heap History (10 events):
Event: 0.183 GC heap before
{Heap before GC invocations=2 (full 0):
 PSYoungGen      total 2048K, used 2032K [0x00000000d5a00000, 0x00000000d5e00000, 0x0000000100000000)
  eden space 1536K, 100% used [0x00000000d5a00000,0x00000000d5b80000,0x00000000d5b80000)
  from space 512K, 96% used [0x00000000d5b80000,0x00000000d5bfc010,0x00000000d5c00000)
  to   space 512K, 0% used [0x00000000d5d80000,0x00000000d5d80000,0x00000000d5e00000)
 ParOldGen       total 5632K, used 16K [0x0000000080e00000, 0x0000000081380000, 0x00000000d5a00000)
  object space 5632K, 0% used [0x0000000080e00000,0x0000000080e04000,0x0000000081380000)
 Metaspace       used 4186K, capacity 5388K, committed 5760K, reserved 1056768K
  class space    used 497K, capacity 520K, committed 640K, reserved 1048576K
Event: 0.184 GC heap after
Heap after GC invocations=2 (full 0):
 PSYoungGen      total 3584K, used 480K [0x00000000d5a00000, 0x00000000d5e00000, 0x0000000100000000)
  eden space 3072K, 0% used [0x00000000d5a00000,0x00000000d5a00000,0x00000000d5d00000)
  from space 512K, 93% used [0x00000000d5d80000,0x00000000d5df8020,0x00000000d5e00000)
  to   space 512K, 0% used [0x00000000d5d00000,0x00000000d5d00000,0x00000000d5d80000)
 ParOldGen       total 5632K, used 104K [0x0000000080e00000, 0x0000000081380000, 0x00000000d5a00000)
  object space 5632K, 1% used [0x0000000080e00000,0x0000000080e1a000,0x0000000081380000)
 Metaspace       used 4186K, capacity 5388K, committed 5760K, reserved 1056768K
  class space    used 497K, capacity 520K, committed 640K, reserved 1048576K
}
Event: 0.240 GC heap before
{Heap before GC invocations=3 (full 0):
 PSYoungGen      total 3584K, used 3546K [0x00000000d5a00000, 0x00000000d5e00000, 0x0000000100000000)
  eden space 3072K, 99% used [0x00000000d5a00000,0x00000000d5cfe958,0x00000000d5d00000)
  from space 512K, 93% used [0x00000000d5d80000,0x00000000d5df8020,0x00000000d5e00000)
  to   space 512K, 0% used [0x00000000d5d00000,0x00000000d5d00000,0x00000000d5d80000)
 ParOldGen       total 5632K, used 104K [0x0000000080e00000, 0x0000000081380000, 0x00000000d5a00000)
  object space 5632K, 1% used [0x0000000080e00000,0x0000000080e1a000,0x0000000081380000)
 Metaspace       used 5150K, capacity 6292K, committed 6656K, reserved 1056768K
  class space    used 634K, capacity 656K, committed 768K, reserved 1048576K
Event: 0.241 GC heap after
Heap after GC invocations=3 (full 0):
 PSYoungGen      total 3584K, used 495K [0x00000000d5a00000, 0x00000000d6100000, 0x0000000100000000)
  eden space 3072K, 0% used [0x00000000d5a00000,0x00000000d5a00000,0x00000000d5d00000)
  from space 512K, 96% used [0x00000000d5d00000,0x00000000d5d7bc40,0x00000000d5d80000)
  to   space 512K, 0% used [0x00000000d6080000,0x00000000d6080000,0x00000000d6100000)
 ParOldGen       total 5632K, used 620K [0x0000000080e00000, 0x0000000081380000, 0x00000000d5a00000)
  object space 5632K, 11% used [0x0000000080e00000,0x0000000080e9b030,0x0000000081380000)
 Metaspace       used 5150K, capacity 6292K, committed 6656K, reserved 1056768K
  class space    used 634K, capacity 656K, committed 768K, reserved 1048576K
}
Event: 0.301 GC heap before
{Heap before GC invocations=4 (full 0):
 PSYoungGen      total 3584K, used 3567K [0x00000000d5a00000, 0x00000000d6100000, 0x0000000100000000)
  eden space 3072K, 100% used [0x00000000d5a00000,0x00000000d5d00000,0x00000000d5d00000)
  from space 512K, 96% used [0x00000000d5d00000,0x00000000d5d7bc40,0x00000000d5d80000)
  to   space 512K, 0% used [0x00000000d6080000,0x00000000d6080000,0x00000000d6100000)
 ParOldGen       total 5632K, used 620K [0x0000000080e00000, 0x0000000081380000, 0x00000000d5a00000)
  object space 5632K, 11% used [0x0000000080e00000,0x0000000080e9b030,0x0000000081380000)
 Metaspace       used 6244K, capacity 7284K, committed 7552K, reserved 1056768K
  class space    used 784K, capacity 816K, committed 896K, reserved 1048576K
Event: 0.302 GC heap after
Heap after GC invocations=4 (full 0):
 PSYoungGen      total 6656K, used 496K [0x00000000d5a00000, 0x00000000d6100000, 0x0000000100000000)
  eden space 6144K, 0% used [0x00000000d5a00000,0x00000000d5a00000,0x00000000d6000000)
  from space 512K, 96% used [0x00000000d6080000,0x00000000d60fc010,0x00000000d6100000)
  to   space 512K, 0% used [0x00000000d6000000,0x00000000d6000000,0x00000000d6080000)
 ParOldGen       total 5632K, used 916K [0x0000000080e00000, 0x0000000081380000, 0x00000000d5a00000)
  object space 5632K, 16% used [0x0000000080e00000,0x0000000080ee5060,0x0000000081380000)
 Metaspace       used 6244K, capacity 7284K, committed 7552K, reserved 1056768K
  class space    used 784K, capacity 816K, committed 896K, reserved 1048576K
}
Event: 0.400 GC heap before
{Heap before GC invocations=5 (full 0):
 PSYoungGen      total 6656K, used 6640K [0x00000000d5a00000, 0x00000000d6100000, 0x0000000100000000)
  eden space 6144K, 100% used [0x00000000d5a00000,0x00000000d6000000,0x00000000d6000000)
  from space 512K, 96% used [0x00000000d6080000,0x00000000d60fc010,0x00000000d6100000)
  to   space 512K, 0% used [0x00000000d6000000,0x00000000d6000000,0x00000000d6080000)
 ParOldGen       total 5632K, used 916K [0x0000000080e00000, 0x0000000081380000, 0x00000000d5a00000)
  object space 5632K, 16% used [0x0000000080e00000,0x0000000080ee5060,0x0000000081380000)
 Metaspace       used 7423K, capacity 8244K, committed 8448K, reserved 1056768K
  class space    used 903K, capacity 944K, committed 1024K, reserved 1048576K
Event: 0.405 GC heap after
Heap after GC invocations=5 (full 0):
 PSYoungGen      total 6656K, used 480K [0x00000000d5a00000, 0x00000000d6d00000, 0x0000000100000000)
  eden space 6144K, 0% used [0x00000000d5a00000,0x00000000d5a00000,0x00000000d6000000)
  from space 512K, 93% used [0x00000000d6000000,0x00000000d6078020,0x00000000d6080000)
  to   space 3584K, 0% used [0x00000000d6980000,0x00000000d6980000,0x00000000d6d00000)
 ParOldGen       total 5632K, used 4433K [0x0000000080e00000, 0x0000000081380000, 0x00000000d5a00000)
  object space 5632K, 78% used [0x0000000080e00000,0x0000000081254700,0x0000000081380000)
 Metaspace       used 7423K, capacity 8244K, committed 8448K, reserved 1056768K
  class space    used 903K, capacity 944K, committed 1024K, reserved 1048576K
}
Event: 0.405 GC heap before
{Heap before GC invocations=6 (full 1):
 PSYoungGen      total 6656K, used 480K [0x00000000d5a00000, 0x00000000d6d00000, 0x0000000100000000)
  eden space 6144K, 0% used [0x00000000d5a00000,0x00000000d5a00000,0x00000000d6000000)
  from space 512K, 93% used [0x00000000d6000000,0x00000000d6078020,0x00000000d6080000)
  to   space 3584K, 0% used [0x00000000d6980000,0x00000000d6980000,0x00000000d6d00000)
 ParOldGen       total 5632K, used 4433K [0x0000000080e00000, 0x0000000081380000, 0x00000000d5a00000)
  object space 5632K, 78% used [0x0000000080e00000,0x0000000081254700,0x0000000081380000)
 Metaspace       used 7423K, capacity 8244K, committed 8448K, reserved 1056768K
  class space    used 903K, capacity 944K, committed 1024K, reserved 1048576K
Event: 0.430 GC heap after
Heap after GC invocations=6 (full 1):
 PSYoungGen      total 6656K, used 0K [0x00000000d5a00000, 0x00000000d6d00000, 0x0000000100000000)
  eden space 6144K, 0% used [0x00000000d5a00000,0x00000000d5a00000,0x00000000d6000000)
  from space 512K, 0% used [0x00000000d6000000,0x00000000d6000000,0x00000000d6080000)
  to   space 3584K, 0% used [0x00000000d6980000,0x00000000d6980000,0x00000000d6d00000)
 ParOldGen       total 10752K, used 4783K [0x0000000080e00000, 0x0000000081880000, 0x00000000d5a00000)
  object space 10752K, 44% used [0x0000000080e00000,0x00000000812abf18,0x0000000081880000)
 Metaspace       used 7423K, capacity 8244K, committed 8448K, reserved 1056768K
  class space    used 903K, capacity 944K, committed 1024K, reserved 1048576K
}

